Arguments: 
  /usr/local/Cellar/node/9.8.0/bin/node /Users/sarahellis/.yarn/bin/yarn.js build

PATH: 
  /Users/sarahellis/.yarn/bin:/Users/sarahellis/.config/yarn/global/node_modules/.bin:/usr/local/bin:/usr/bin:/bin:/usr/sbin:/sbin:/usr/bin:/bin:/usr/sbin:/sbin

Yarn version: 
  1.5.1

Node version: 
  9.8.0

Platform: 
  darwin x64

npm manifest: 
  {
    "name": "client",
    "version": "0.1.0",
    "private": true,
    "proxy": "http://localhost:3001/",
    "engines": {
      "node": ">= 9.7.1",
      "npm": ">= 5.6.0"
    },
    "dependencies": {
      "axios": "^0.18.0",
      "material-ui": "^0.18.7",
      "node-sass-chokidar": "0.0.3",
      "react": "^16.2.0",
      "react-dom": "^16.2.0",
      "react-google-login": "^3.0.10",
      "react-howler": "^3.7.1",
      "react-player": "^1.2.1",
      "react-router-dom": "^4.2.2",
      "react-scripts": "^1.1.1",
      "react-tap-event-plugin": "^3.0.2"
    },
    "scripts": {
      "build-css": "node-sass-chokidar src/ -o src/",
      "watch-css": "yarn run build-css && node-sass-chokidar src/ -o src/ --watch --recursive",
      "start": "react-scripts start",
      "build": "react-scripts build",
      "test": "react-scripts test --env=jsdom",
      "eject": "react-scripts eject"
    },
    "devDependencies": {
      "case-sensitive-paths-webpack-plugin": "^2.1.1"
    }
  }

yarn manifest: 
  No manifest

Lockfile: 
  No lockfile

Trace: 
  Error: Command failed.
  Exit code: 1
  Command: sh
  Arguments: -c react-scripts build
  Directory: /Users/sarahellis/Desktop/Coding Bootcamp/Project-3/quizard-of-ahhhs/client
  Output:
  
      at ProcessTermError.MessageError (/Users/sarahellis/.yarn/lib/cli.js:186:110)
      at new ProcessTermError (/Users/sarahellis/.yarn/lib/cli.js:226:113)
      at ChildProcess.<anonymous> (/Users/sarahellis/.yarn/lib/cli.js:30281:17)
      at ChildProcess.emit (events.js:180:13)
      at maybeClose (internal/child_process.js:936:16)
      at Process.ChildProcess._handle.onexit (internal/child_process.js:220:5)
