Arguments: 
  /usr/local/Cellar/node/9.7.1/bin/node /Users/sarahellis/.yarn/bin/yarn.js buidl

PATH: 
  /Users/sarahellis/.yarn/bin:/Users/sarahellis/.config/yarn/global/node_modules/.bin:/usr/local/bin:/usr/bin:/bin:/usr/sbin:/sbin:/usr/bin:/bin:/usr/sbin:/sbin

Yarn version: 
  1.5.1

Node version: 
  9.7.1

Platform: 
  darwin x64

npm manifest: 
  {
    "name": "quizard-of-ahhhs",
    "version": "1.0.0",
    "description": "",
    "main": "server.js",
    "dependencies": {
      "axios": "^0.18.0",
      "bcryptjs": "^2.4.3",
      "body-parser": "^1.18.2",
      "connect-mongo": "^1.3.2",
      "dotenv": "^4.0.0",
      "express": "^4.16.2",
      "express-session": "^1.15.4",
      "html-entities": "^1.2.1",
      "mongoose": "^5.0.7",
      "morgan": "^1.8.2",
      "passport": "^0.3.2",
      "passport-google-oauth": "^1.0.0",
      "passport-google-oauth20": "^1.0.0",
      "passport-local": "^1.0.0",
      "react": "^15.5.4",
      "react-dom": "^15.5.4",
      "react-router-dom": "^4.1.2"
    },
    "devDependencies": {
      "gh-pages": "^1.1.0"
    },
    "scripts": {
      "server": "node server.js",
      "client": "node scripts/start-client.js",
      "start": "concurrently \"nodemon server.js\" \"npm run client\"",
      "build": "node scripts/build.js",
      "test": "echo \"Error: no test specified\" && exit 1",
      "installDeps": "yarn install && cd client && yarn install"
    },
    "repository": {
      "type": "git",
      "url": "git+https://github.com/jennbono/quizard-of-ahhhs.git"
    },
    "author": "Bala Jenn Jill Sarah",
    "license": "ISC",
    "bugs": {
      "url": "https://github.com/jennbono/quizard-of-ahhhs/issues"
    },
    "homepage": "https://jennbono.github.io/quizzard-of-ahhhs"
  }

yarn manifest: 
  No manifest

Lockfile: 
  No lockfile

Trace: 
  Error: Command "buidl" not found.
      at new MessageError (/Users/sarahellis/.yarn/lib/cli.js:186:110)
      at /Users/sarahellis/.yarn/lib/cli.js:87307:17
      at Generator.next (<anonymous>)
      at step (/Users/sarahellis/.yarn/lib/cli.js:98:30)
      at /Users/sarahellis/.yarn/lib/cli.js:116:14
      at new Promise (<anonymous>)
      at new F (/Users/sarahellis/.yarn/lib/cli.js:23451:28)
      at /Users/sarahellis/.yarn/lib/cli.js:95:12
      at runCommand (/Users/sarahellis/.yarn/lib/cli.js:87312:22)
      at Object.<anonymous> (/Users/sarahellis/.yarn/lib/cli.js:87412:14)
